Info: Generated by version: 19.4 build 64
Info: Starting: Create block symbol file (.bsf)
Info: qsys-generate /usr/share/bittware/520nmx/cots/firmware/bist_top_me3_svn2527_basic/qsys/ip/av_esram/esram_0.ip --block-symbol-file --output-directory=/usr/share/bittware/520nmx/cots/firmware/bist_top_me3_svn2527_basic/qsys/ip/av_esram/esram_0 --family="Stratix 10" --part=1SM21CHU2F53E2VG
Info: esram_0.esram_0: Targeting device family: Stratix 10.
Info: esram_0.esram_0.iopll: Able to implement PLL with user settings
Info: qsys-generate succeeded.
Info: Finished: Create block symbol file (.bsf)
Info: 
Info: Starting: Create HDL design files for synthesis
Info: qsys-generate /usr/share/bittware/520nmx/cots/firmware/bist_top_me3_svn2527_basic/qsys/ip/av_esram/esram_0.ip --synthesis=VERILOG --output-directory=/usr/share/bittware/520nmx/cots/firmware/bist_top_me3_svn2527_basic/qsys/ip/av_esram/esram_0 --family="Stratix 10" --part=1SM21CHU2F53E2VG
Info: esram_0.esram_0: Targeting device family: Stratix 10.
Info: esram_0.esram_0.iopll: Able to implement PLL with user settings
Info: esram_0.iopll: Able to implement PLL with user settings
Info: esram_0: "Transforming system: esram_0"
Info: esram_0: "Naming system components in system: esram_0"
Info: esram_0: "Processing generation queue"
Info: esram_0: "Generating: esram_0"
Info: esram_0: "Generating: esram_0_esram_1913_mbbwbmi"
Info: iopll: "Generating: iopll"
Info: esram_0: "Generating: iopll"
Info: esram_0: "Generating: esram_0_altera_iopll_1930_q3r7zcq"
Info: esram_0: Done "esram_0" with 4 modules, 10 files
Info: qsys-generate succeeded.
Info: Finished: Create HDL design files for synthesis
