Info: Generated by version: 20.3 build 158
Info: Starting: Create block symbol file (.bsf)
Info: qsys-generate /home/deepsouth/Downloads/bist_top_me3_svn2527_basic_20_3_NW/qsys/ip/dr_interface/dr_clk_pcie_user.ip --block-symbol-file --output-directory=/home/deepsouth/Downloads/bist_top_me3_svn2527_basic_20_3_NW/qsys/ip/dr_interface/dr_clk_pcie_user --family="Stratix 10" --part=1SM21CHU2F53E2VG
Warning: dr_clk_pcie_user: Used clock_source 20.3 (instead of 19.4)
Info: qsys-generate succeeded.
Info: Finished: Create block symbol file (.bsf)
Info: 
Info: Starting: Create HDL design files for synthesis
Info: qsys-generate /home/deepsouth/Downloads/bist_top_me3_svn2527_basic_20_3_NW/qsys/ip/dr_interface/dr_clk_pcie_user.ip --synthesis=VERILOG --output-directory=/home/deepsouth/Downloads/bist_top_me3_svn2527_basic_20_3_NW/qsys/ip/dr_interface/dr_clk_pcie_user --family="Stratix 10" --part=1SM21CHU2F53E2VG
Warning: dr_clk_pcie_user: Used clock_source 20.3 (instead of 19.4)
Info: dr_clk_pcie_user: "Transforming system: dr_clk_pcie_user"
Info: dr_clk_pcie_user: "Naming system components in system: dr_clk_pcie_user"
Info: dr_clk_pcie_user: "Processing generation queue"
Info: dr_clk_pcie_user: "Generating: dr_clk_pcie_user"
Info: dr_clk_pcie_user: Done "dr_clk_pcie_user" with 1 modules, 1 files
Info: qsys-generate succeeded.
Info: Finished: Create HDL design files for synthesis
Info: Starting: Generate IP Core Documentation
Info: No documentation filesets were found for components in dr_clk_pcie_user. No files generated.
Info: Finished: Generate IP Core Documentation
