Info: Generated by version: 20.3 build 158
Info: Starting: Create block symbol file (.bsf)
Info: qsys-generate /home/stratix10/Documents/deep_south_interface/Minimum_BIST/qsys/ip/qsys_top/PCIe_to_BMC_IRQ_Generator_0.ip --block-symbol-file --output-directory=/home/stratix10/Documents/deep_south_interface/Minimum_BIST/qsys/ip/qsys_top/PCIe_to_BMC_IRQ_Generator_0 --family="Stratix 10" --part=1SM21CHU2F53E2VG
Warning: PCIe_to_BMC_IRQ_Generator_0: Component type IRQ_Generator is not in the library
Error: PCIe_to_BMC_IRQ_Generator_0.PCIe_to_BMC_IRQ_Generator_0: Component IRQ_Generator 1.0 not found or could not be instantiated
Warning: PCIe_to_BMC_IRQ_Generator_0.interface_requirements: Your system is missing the required interface "avalon_slave_0". Either export the interface, or edit your definitions in the Interface Requirements tab."
Warning: PCIe_to_BMC_IRQ_Generator_0.interface_requirements: Your system is missing the required interface "clock". Either export the interface, or edit your definitions in the Interface Requirements tab."
Warning: PCIe_to_BMC_IRQ_Generator_0.interface_requirements: Your system is missing the required interface "reset". Either export the interface, or edit your definitions in the Interface Requirements tab."
Warning: PCIe_to_BMC_IRQ_Generator_0.interface_requirements: Your system is missing the required interface "Ext_irq_interface". Either export the interface, or edit your definitions in the Interface Requirements tab."
Warning: PCIe_to_BMC_IRQ_Generator_0.interface_requirements: Your system is missing the required interface "interrupt_sender". Either export the interface, or edit your definitions in the Interface Requirements tab."
Error: qsys-generate failed with exit code 3: 1 Error, 6 Warnings
Info: Finished: Create block symbol file (.bsf)
Info: 
Info: Starting: Create HDL design files for synthesis
Info: qsys-generate /home/stratix10/Documents/deep_south_interface/Minimum_BIST/qsys/ip/qsys_top/PCIe_to_BMC_IRQ_Generator_0.ip --synthesis=VERILOG --output-directory=/home/stratix10/Documents/deep_south_interface/Minimum_BIST/qsys/ip/qsys_top/PCIe_to_BMC_IRQ_Generator_0 --family="Stratix 10" --part=1SM21CHU2F53E2VG
Warning: PCIe_to_BMC_IRQ_Generator_0: Component type IRQ_Generator is not in the library
Error: PCIe_to_BMC_IRQ_Generator_0.PCIe_to_BMC_IRQ_Generator_0: Component IRQ_Generator 1.0 not found or could not be instantiated
Warning: PCIe_to_BMC_IRQ_Generator_0.interface_requirements: Your system is missing the required interface "avalon_slave_0". Either export the interface, or edit your definitions in the Interface Requirements tab."
Warning: PCIe_to_BMC_IRQ_Generator_0.interface_requirements: Your system is missing the required interface "clock". Either export the interface, or edit your definitions in the Interface Requirements tab."
Warning: PCIe_to_BMC_IRQ_Generator_0.interface_requirements: Your system is missing the required interface "reset". Either export the interface, or edit your definitions in the Interface Requirements tab."
Warning: PCIe_to_BMC_IRQ_Generator_0.interface_requirements: Your system is missing the required interface "Ext_irq_interface". Either export the interface, or edit your definitions in the Interface Requirements tab."
Warning: PCIe_to_BMC_IRQ_Generator_0.interface_requirements: Your system is missing the required interface "interrupt_sender". Either export the interface, or edit your definitions in the Interface Requirements tab."
Error: qsys-generate failed with exit code 3: 1 Error, 6 Warnings
Info: Finished: Create HDL design files for synthesis
Info: Starting: Generate IP Core Documentation
Info: No documentation filesets were found for components in PCIe_to_BMC_IRQ_Generator_0. No files generated.
Info: Finished: Generate IP Core Documentation
