Info: Generated by version: 20.3 build 158
Info: Starting: Create block symbol file (.bsf)
Info: qsys-generate /home/stratix10/Documents/Quartus_Projects/bist_top_me3_svn2527_basic_20_3/bist_top_me3_svn2527_basic_20_3_NW/ip/xcvr_atxpll_prod.ip --block-symbol-file --output-directory=/home/stratix10/Documents/Quartus_Projects/bist_top_me3_svn2527_basic_20_3/bist_top_me3_svn2527_basic_20_3_NW/ip/xcvr_atxpll_prod --family="Stratix 10" --part=1SM21CHU2F53E2VG
Info: xcvr_atxpll_prod.xcvr_atx_pll_s10_htile_0: For the selected device(1SM21CHU2F53E2VG), PLL speed grade is 2.
Info: qsys-generate succeeded.
Info: Finished: Create block symbol file (.bsf)
Info: 
Info: Starting: Create HDL design files for synthesis
Info: qsys-generate /home/stratix10/Documents/Quartus_Projects/bist_top_me3_svn2527_basic_20_3/bist_top_me3_svn2527_basic_20_3_NW/ip/xcvr_atxpll_prod.ip --synthesis=VERILOG --output-directory=/home/stratix10/Documents/Quartus_Projects/bist_top_me3_svn2527_basic_20_3/bist_top_me3_svn2527_basic_20_3_NW/ip/xcvr_atxpll_prod --family="Stratix 10" --part=1SM21CHU2F53E2VG
Info: xcvr_atxpll_prod.xcvr_atx_pll_s10_htile_0: For the selected device(1SM21CHU2F53E2VG), PLL speed grade is 2.
Info: xcvr_atxpll_prod: "Transforming system: xcvr_atxpll_prod"
Info: xcvr_atxpll_prod: "Naming system components in system: xcvr_atxpll_prod"
Info: xcvr_atxpll_prod: "Processing generation queue"
Info: xcvr_atxpll_prod: "Generating: xcvr_atxpll_prod"
Info: xcvr_atxpll_prod: "Generating: xcvr_atxpll_prod_altera_xcvr_atx_pll_s10_htile_1911_bcgy6la"
Info: xcvr_atx_pll_s10_htile_0: add_fileset_file ./altera_std_synchronizer_nocut.v VERILOG PATH ../../../../primitives/altera_std_synchronizer/altera_std_synchronizer_nocut.v
Info: xcvr_atx_pll_s10_htile_0: add_fileset_file ./alt_xcvr_resync.sv SYSTEM_VERILOG PATH ../../../../altera_xcvr_generic/ctrl/alt_xcvr_resync.sv
Info: xcvr_atx_pll_s10_htile_0: add_fileset_file ./alt_xcvr_arbiter.sv SYSTEM_VERILOG PATH ../../../../altera_xcvr_generic/ctrl/alt_xcvr_arbiter.sv
Info: xcvr_atx_pll_s10_htile_0: add_fileset_file ./s10_avmm_h.sv SYSTEM_VERILOG PATH ../../../altera_xcvr_native_phy/altera_xcvr_native_s10/source/s10_avmm_h.sv
Info: xcvr_atx_pll_s10_htile_0: add_fileset_file ./altera_xcvr_native_s10_functions_h.sv SYSTEM_VERILOG PATH ../../../altera_xcvr_native_phy/altera_xcvr_native_s10/source/altera_xcvr_native_s10_functions_h.sv
Info: xcvr_atx_pll_s10_htile_0: add_fileset_file ./alt_xcvr_native_anlg_reset_seq.sv SYSTEM_VERILOG PATH ../../../altera_xcvr_native_phy/altera_xcvr_native_s10/source/alt_xcvr_native_anlg_reset_seq.sv
Info: xcvr_atx_pll_s10_htile_0: add_fileset_file ./alt_xcvr_pll_rcfg_arb.sv SYSTEM_VERILOG PATH ../../common/alt_xcvr_pll_rcfg_arb.sv
Info: xcvr_atx_pll_s10_htile_0: add_fileset_file ./alt_xcvr_pll_embedded_debug.sv SYSTEM_VERILOG PATH ../../common/alt_xcvr_pll_embedded_debug.sv
Info: xcvr_atx_pll_s10_htile_0: add_fileset_file ./alt_xcvr_pll_avmm_csr.sv SYSTEM_VERILOG PATH ../../common/alt_xcvr_pll_avmm_csr.sv
Info: xcvr_atxpll_prod: Done "xcvr_atxpll_prod" with 2 modules, 13 files
Info: qsys-generate succeeded.
Info: Finished: Create HDL design files for synthesis
Info: Starting: Generate IP Core Documentation
Info: No documentation filesets were found for components in xcvr_atxpll_prod. No files generated.
Info: Finished: Generate IP Core Documentation
