Info: Generated by version: 20.3 build 158
Info: Starting: Create block symbol file (.bsf)
Info: qsys-generate /home/stratix10/Documents/Quartus_Projects/bist_top_me3_svn2527_basic_20_3/bist_top_me3_svn2527_basic_20_3_NW/qsys/ip/av_esram/esram_0.ip --block-symbol-file --output-directory=/home/stratix10/Documents/Quartus_Projects/bist_top_me3_svn2527_basic_20_3/bist_top_me3_svn2527_basic_20_3_NW/qsys/ip/av_esram/esram_0 --family="Stratix 10" --part=1SM21CHU2F53E2VG
Info: esram_0.esram_0: Targeting device family: Stratix 10.
Info: esram_0.esram_0.iopll: Able to implement PLL with user settings
Info: qsys-generate succeeded.
Info: Finished: Create block symbol file (.bsf)
Info: 
Info: Starting: Create HDL design files for synthesis
Info: qsys-generate /home/stratix10/Documents/Quartus_Projects/bist_top_me3_svn2527_basic_20_3/bist_top_me3_svn2527_basic_20_3_NW/qsys/ip/av_esram/esram_0.ip --synthesis=VERILOG --output-directory=/home/stratix10/Documents/Quartus_Projects/bist_top_me3_svn2527_basic_20_3/bist_top_me3_svn2527_basic_20_3_NW/qsys/ip/av_esram/esram_0 --family="Stratix 10" --part=1SM21CHU2F53E2VG
Info: esram_0.esram_0: Targeting device family: Stratix 10.
Info: esram_0.esram_0.iopll: Able to implement PLL with user settings
Info: esram_0.iopll: Able to implement PLL with user settings
Info: esram_0: "Transforming system: esram_0"
Info: esram_0: "Naming system components in system: esram_0"
Info: esram_0: "Processing generation queue"
Info: esram_0: "Generating: esram_0"
Info: esram_0: "Generating: esram_0_esram_1915_yghfbai"
Info: iopll: "Generating: iopll"
Info: esram_0: "Generating: esram_0_esram_altera_iopll_1915_nrertia"
Info: esram_0: "Generating: esram_0_altera_iopll_1931_dz7spca"
Info: esram_0: Done "esram_0" with 4 modules, 11 files
Info: qsys-generate succeeded.
Info: Finished: Create HDL design files for synthesis
Info: Starting: Generate IP Core Documentation
Info: No documentation filesets were found for components in esram_0. No files generated.
Info: Finished: Generate IP Core Documentation
