Info: Generated by version: 20.3 build 158
Info: Starting: Create block symbol file (.bsf)
Info: qsys-generate /home/stratix10/Documents/deep_south_interface/Minimum_BIST/qsys/ip/qsys_top/PCIe_to_avmm_0.ip --block-symbol-file --output-directory=/home/stratix10/Documents/deep_south_interface/Minimum_BIST/qsys/ip/qsys_top/PCIe_to_avmm_0 --family="Stratix 10" --part=1SM21CHU2F53E2VG
Info: qsys-generate succeeded.
Info: Finished: Create block symbol file (.bsf)
Info: 
Info: Starting: Create HDL design files for synthesis
Info: qsys-generate /home/stratix10/Documents/deep_south_interface/Minimum_BIST/qsys/ip/qsys_top/PCIe_to_avmm_0.ip --synthesis=VERILOG --output-directory=/home/stratix10/Documents/deep_south_interface/Minimum_BIST/qsys/ip/qsys_top/PCIe_to_avmm_0 --family="Stratix 10" --part=1SM21CHU2F53E2VG
Info: PCIe_to_avmm_0: "Transforming system: PCIe_to_avmm_0"
Info: PCIe_to_avmm_0: "Naming system components in system: PCIe_to_avmm_0"
Info: PCIe_to_avmm_0: "Processing generation queue"
Info: PCIe_to_avmm_0: "Generating: PCIe_to_avmm_0"
Info: PCIe_to_avmm_0: "Generating: PCIe_to_avmm_0_altera_avalon_mm_clock_crossing_bridge_1920_fdcxukq"
Info: my_altera_avalon_dc_fifo_cmd_fifo: "Generating: my_altera_avalon_dc_fifo_cmd_fifo"
Info: my_altera_avalon_dc_fifo_rsp_fifo: "Generating: my_altera_avalon_dc_fifo_rsp_fifo"
Info: PCIe_to_avmm_0: "Generating: PCIe_to_avmm_0_altera_avalon_mm_clock_crossing_bridge_altera_avalon_dc_fifo_1920_mllx4ha"
Info: PCIe_to_avmm_0: "Generating: PCIe_to_avmm_0_altera_avalon_mm_clock_crossing_bridge_altera_avalon_dc_fifo_1920_2yfh36y"
Info: PCIe_to_avmm_0: "Generating: PCIe_to_avmm_0_altera_avalon_dc_fifo_1940_j7a573y"
Info: PCIe_to_avmm_0: Done "PCIe_to_avmm_0" with 5 modules, 8 files
Info: qsys-generate succeeded.
Info: Finished: Create HDL design files for synthesis
Info: Starting: Generate IP Core Documentation
Info: No documentation filesets were found for components in PCIe_to_avmm_0. No files generated.
Info: Finished: Generate IP Core Documentation
