Info: Generated by version: 20.3 build 158
Info: Starting: Create block symbol file (.bsf)
Info: qsys-generate /home/stratix10/Documents/Quartus_Projects/bist_top_me3_svn2527_basic_20_3/bist_top_me3_svn2527_basic_20_3_NW/qsys/ip/av_hbm/hbm_example_design/ip/ed_synth/top_core_clk_iopll.ip --block-symbol-file --output-directory=/home/stratix10/Documents/Quartus_Projects/bist_top_me3_svn2527_basic_20_3/bist_top_me3_svn2527_basic_20_3_NW/qsys/ip/av_hbm/hbm_example_design/ip/ed_synth/top_core_clk_iopll --family="Stratix 10" --part=1SM21CHU2F53E2VG
Info: top_core_clk_iopll.core_clk_iopll: Able to implement PLL with user settings
Info: qsys-generate succeeded.
Info: Finished: Create block symbol file (.bsf)
Info: 
Info: Starting: Create HDL design files for synthesis
Info: qsys-generate /home/stratix10/Documents/Quartus_Projects/bist_top_me3_svn2527_basic_20_3/bist_top_me3_svn2527_basic_20_3_NW/qsys/ip/av_hbm/hbm_example_design/ip/ed_synth/top_core_clk_iopll.ip --synthesis=VERILOG --output-directory=/home/stratix10/Documents/Quartus_Projects/bist_top_me3_svn2527_basic_20_3/bist_top_me3_svn2527_basic_20_3_NW/qsys/ip/av_hbm/hbm_example_design/ip/ed_synth/top_core_clk_iopll --family="Stratix 10" --part=1SM21CHU2F53E2VG
Info: top_core_clk_iopll.core_clk_iopll: Able to implement PLL with user settings
Info: top_core_clk_iopll: "Transforming system: top_core_clk_iopll"
Info: top_core_clk_iopll: "Naming system components in system: top_core_clk_iopll"
Info: top_core_clk_iopll: "Processing generation queue"
Info: top_core_clk_iopll: "Generating: top_core_clk_iopll"
Info: top_core_clk_iopll: "Generating: top_core_clk_iopll_altera_iopll_1931_6fy27ci"
Info: top_core_clk_iopll: Done "top_core_clk_iopll" with 2 modules, 7 files
Info: qsys-generate succeeded.
Info: Finished: Create HDL design files for synthesis
Info: Starting: Generate IP Core Documentation
Info: No documentation filesets were found for components in top_core_clk_iopll. No files generated.
Info: Finished: Generate IP Core Documentation
