Info: Generated by version: 20.3 build 158
Info: Starting: Create block symbol file (.bsf)
Info: qsys-generate /home/stratix10/Documents/deep_south_interface/Minimum_BIST/qsys/ip/system_manager/system_manager_iopll_0.ip --block-symbol-file --output-directory=/home/stratix10/Documents/deep_south_interface/Minimum_BIST/qsys/ip/system_manager/system_manager_iopll_0 --family="Stratix 10" --part=1SM21CHU2F53E2VG
Info: system_manager_iopll_0.iopll_0: Able to implement PLL with user settings
Info: qsys-generate succeeded.
Info: Finished: Create block symbol file (.bsf)
Info: 
Info: Starting: Create HDL design files for synthesis
Info: qsys-generate /home/stratix10/Documents/deep_south_interface/Minimum_BIST/qsys/ip/system_manager/system_manager_iopll_0.ip --synthesis=VERILOG --output-directory=/home/stratix10/Documents/deep_south_interface/Minimum_BIST/qsys/ip/system_manager/system_manager_iopll_0 --family="Stratix 10" --part=1SM21CHU2F53E2VG
Info: system_manager_iopll_0.iopll_0: Able to implement PLL with user settings
Info: system_manager_iopll_0: "Transforming system: system_manager_iopll_0"
Info: system_manager_iopll_0: "Naming system components in system: system_manager_iopll_0"
Info: system_manager_iopll_0: "Processing generation queue"
Info: system_manager_iopll_0: "Generating: system_manager_iopll_0"
Info: system_manager_iopll_0: "Generating: system_manager_iopll_0_altera_iopll_1931_6p7jvxa"
Info: system_manager_iopll_0: Done "system_manager_iopll_0" with 2 modules, 7 files
Info: qsys-generate succeeded.
Info: Finished: Create HDL design files for synthesis
Info: Starting: Generate IP Core Documentation
Info: No documentation filesets were found for components in system_manager_iopll_0. No files generated.
Info: Finished: Generate IP Core Documentation
