Info: Generated by version: 20.3 build 158
Info: Starting: Create block symbol file (.bsf)
Info: qsys-generate /home/stratix10/Documents/deep_south_interface/Base_Image/qsys/ip/qsys_top/ocmem.ip --block-symbol-file --output-directory=/home/stratix10/Documents/deep_south_interface/Base_Image/qsys/ip/qsys_top/ocmem --family="Stratix 10" --part=1SM21CHU2F53E2VG
Info: qsys-generate succeeded.
Info: Finished: Create block symbol file (.bsf)
Info: 
Info: Starting: Create HDL design files for synthesis
Info: qsys-generate /home/stratix10/Documents/deep_south_interface/Base_Image/qsys/ip/qsys_top/ocmem.ip --synthesis=VERILOG --output-directory=/home/stratix10/Documents/deep_south_interface/Base_Image/qsys/ip/qsys_top/ocmem --family="Stratix 10" --part=1SM21CHU2F53E2VG
Info: ocmem: "Transforming system: ocmem"
Info: ocmem: "Naming system components in system: ocmem"
Info: ocmem: "Processing generation queue"
Info: ocmem: "Generating: ocmem"
Info: ocmem: "Generating: ocmem_altera_avalon_onchip_memory2_1920_ooli4ai"
Info: ocmem: Starting RTL generation for module 'ocmem_altera_avalon_onchip_memory2_1920_ooli4ai'
Info: ocmem:   Generation command is [exec /home/stratix10/intelFPGA_pro/20.3/quartus/linux64/perl/bin/perl -I /home/stratix10/intelFPGA_pro/20.3/quartus/linux64/perl/lib -I /home/stratix10/intelFPGA_pro/20.3/quartus/sopc_builder/bin/europa -I /home/stratix10/intelFPGA_pro/20.3/quartus/sopc_builder/bin/perl_lib -I /home/stratix10/intelFPGA_pro/20.3/quartus/sopc_builder/bin -I /home/stratix10/intelFPGA_pro/20.3/quartus/../ip/altera/sopc_builder_ip/common -I /home/stratix10/intelFPGA_pro/20.3/quartus/../ip/altera/sopc_builder_ip/altera_avalon_onchip_memory2 -- /home/stratix10/intelFPGA_pro/20.3/quartus/../ip/altera/sopc_builder_ip/altera_avalon_onchip_memory2/generate_rtl.pl --name=ocmem_altera_avalon_onchip_memory2_1920_ooli4ai --dir=/tmp/alt0195_424339339916371638.dir/0164_ocmem_gen/ --quartus_dir=/home/stratix10/intelFPGA_pro/20.3/quartus --verilog --config=/tmp/alt0195_424339339916371638.dir/0164_ocmem_gen//ocmem_altera_avalon_onchip_memory2_1920_ooli4ai_component_configuration.pl  --do_build_sim=0  ]
Info: ocmem: Done RTL generation for module 'ocmem_altera_avalon_onchip_memory2_1920_ooli4ai'
Info: ocmem: Done "ocmem" with 2 modules, 3 files
Info: qsys-generate succeeded.
Info: Finished: Create HDL design files for synthesis
Info: Starting: Generate IP Core Documentation
Info: No documentation filesets were found for components in ocmem. No files generated.
Info: Finished: Generate IP Core Documentation
