Info: Generated by version: 20.3 build 158
Info: Starting: Create block symbol file (.bsf)
Info: qsys-generate /home/stratix10/Documents/deep_south_interface/Minimum_BIST/qsys/ip/qsys_top/qsys_top_master_0.ip --block-symbol-file --output-directory=/home/stratix10/Documents/deep_south_interface/Minimum_BIST/qsys/ip/qsys_top/qsys_top_master_0 --family="Stratix 10" --part=1SM21CHU2F53E2VG
Info: qsys-generate succeeded.
Info: Finished: Create block symbol file (.bsf)
Info: 
Info: Starting: Create HDL design files for synthesis
Info: qsys-generate /home/stratix10/Documents/deep_south_interface/Minimum_BIST/qsys/ip/qsys_top/qsys_top_master_0.ip --synthesis=VERILOG --output-directory=/home/stratix10/Documents/deep_south_interface/Minimum_BIST/qsys/ip/qsys_top/qsys_top_master_0 --family="Stratix 10" --part=1SM21CHU2F53E2VG
Info: qsys_top_master_0: "Transforming system: qsys_top_master_0"
Info: qsys_top_master_0: "Naming system components in system: qsys_top_master_0"
Info: qsys_top_master_0: "Processing generation queue"
Info: qsys_top_master_0: "Generating: qsys_top_master_0"
Info: qsys_top_master_0: "Generating: qsys_top_master_0_altera_jtag_avalon_master_191_3zppvky"
Info: qsys_top_master_0: "Generating: altera_avalon_st_jtag_interface"
Info: qsys_top_master_0: "Generating: qsys_top_master_0_timing_adapter_1920_kkb745y"
Info: qsys_top_master_0: "Generating: qsys_top_master_0_altera_avalon_sc_fifo_1930_pqv24kq"
Info: qsys_top_master_0: "Generating: altera_avalon_st_bytes_to_packets"
Info: qsys_top_master_0: "Generating: altera_avalon_st_packets_to_bytes"
Info: qsys_top_master_0: "Generating: altera_avalon_packets_to_master"
Info: qsys_top_master_0: "Generating: qsys_top_master_0_channel_adapter_1920_dkwflii"
Info: qsys_top_master_0: "Generating: qsys_top_master_0_channel_adapter_1920_wql5fxa"
Info: qsys_top_master_0: "Generating: altera_reset_controller"
Info: qsys_top_master_0: Done "qsys_top_master_0" with 11 modules, 23 files
Info: qsys-generate succeeded.
Info: Finished: Create HDL design files for synthesis
Info: Starting: Generate IP Core Documentation
Info: No documentation filesets were found for components in qsys_top_master_0. No files generated.
Info: Finished: Generate IP Core Documentation
