Info: Generated by version: 20.3 build 158
Info: Starting: Create block symbol file (.bsf)
Info: qsys-generate /home/stratix10/Documents/deep_south_interface/Base_Image/qsys/ip/qsys_top/qsys_top_mm_ccb_1.ip --block-symbol-file --output-directory=/home/stratix10/Documents/deep_south_interface/Base_Image/qsys/ip/qsys_top/qsys_top_mm_ccb_1 --family="Stratix 10" --part=1SM21CHU2F53E2VG
Info: qsys-generate succeeded.
Info: Finished: Create block symbol file (.bsf)
Info: 
Info: Starting: Create HDL design files for synthesis
Info: qsys-generate /home/stratix10/Documents/deep_south_interface/Base_Image/qsys/ip/qsys_top/qsys_top_mm_ccb_1.ip --synthesis=VERILOG --output-directory=/home/stratix10/Documents/deep_south_interface/Base_Image/qsys/ip/qsys_top/qsys_top_mm_ccb_1 --family="Stratix 10" --part=1SM21CHU2F53E2VG
Info: qsys_top_mm_ccb_1: "Transforming system: qsys_top_mm_ccb_1"
Info: qsys_top_mm_ccb_1: "Naming system components in system: qsys_top_mm_ccb_1"
Info: qsys_top_mm_ccb_1: "Processing generation queue"
Info: qsys_top_mm_ccb_1: "Generating: qsys_top_mm_ccb_1"
Info: qsys_top_mm_ccb_1: "Generating: qsys_top_mm_ccb_1_altera_avalon_mm_clock_crossing_bridge_1920_fdcxukq"
Info: my_altera_avalon_dc_fifo_cmd_fifo: "Generating: my_altera_avalon_dc_fifo_cmd_fifo"
Info: my_altera_avalon_dc_fifo_rsp_fifo: "Generating: my_altera_avalon_dc_fifo_rsp_fifo"
Info: qsys_top_mm_ccb_1: "Generating: qsys_top_mm_ccb_1_altera_avalon_mm_clock_crossing_bridge_altera_avalon_dc_fifo_1920_wufx2pi"
Info: qsys_top_mm_ccb_1: "Generating: qsys_top_mm_ccb_1_altera_avalon_mm_clock_crossing_bridge_altera_avalon_dc_fifo_1920_2yfh36y"
Info: qsys_top_mm_ccb_1: "Generating: qsys_top_mm_ccb_1_altera_avalon_dc_fifo_1940_j7a573y"
Info: qsys_top_mm_ccb_1: Done "qsys_top_mm_ccb_1" with 5 modules, 8 files
Info: qsys-generate succeeded.
Info: Finished: Create HDL design files for synthesis
Info: Starting: Generate IP Core Documentation
Info: No documentation filesets were found for components in qsys_top_mm_ccb_1. No files generated.
Info: Finished: Generate IP Core Documentation
