Info: Generated by version: 19.1 build 240
Info: Starting: Create simulation model
Info: qsys-generate D:\repos\p520mx\trunk\firmware\function\bist\bist_top_me3\qsys\ip\av_esram\esram.ip --simulation=VHDL --allow-mixed-language-simulation --output-directory=D:\repos\p520mx\trunk\firmware\function\bist\bist_top_me3\qsys\ip\av_esram\esram --family="Stratix 10" --part=1SM21CHU2F53E2VG
Info: esram.esram_0: Targeting device family: Stratix 10.
Info: esram.esram_0.iopll: Able to implement PLL with user settings
Info: esram_0.iopll: Able to implement PLL with user settings
Info: esram: "Transforming system: esram"
Info: esram: "Naming system components in system: esram"
Info: esram: "Processing generation queue"
Info: esram: "Generating: esram"
Info: esram: "Generating: esram_esram_191_bykom6q"
Info: iopll: "Generating: iopll"
Info: esram: "Generating: iopll"
Info: esram: "Generating: esram_altera_iopll_191_sjjhuna"
Info: esram: Done "esram" with 4 modules, 7 files
Info: Generating the following file(s) for MODELSIM simulator in D:/repos/p520mx/trunk/firmware/function/bist/bist_top_me3/qsys/ip/av_esram/esram/sim/ directory:
Info: 	common/modelsim_files.tcl
Info: Generating the following file(s) for RIVIERA simulator in D:/repos/p520mx/trunk/firmware/function/bist/bist_top_me3/qsys/ip/av_esram/esram/sim/ directory:
Info: 	common/riviera_files.tcl
Info: For information on how to simulate your IP, see the explanatory comments in the simulator-specific subdirectories under D:/repos/p520mx/trunk/firmware/function/bist/bist_top_me3/qsys/ip/av_esram/esram/sim/.
Info: Regenerate these scripts whenever you make any change to any Quartus-generated IP in your project.
Info: qsys-generate succeeded.
Info: Finished: Create simulation model
Info: Starting: Create Modelsim Project.
Info: sim-script-gen --system-file=D:\repos\p520mx\trunk\firmware\function\bist\bist_top_me3\qsys\ip\av_esram\esram.ip --output-directory=D:/repos/p520mx/trunk/firmware/function/bist/bist_top_me3/qsys/ip/av_esram/esram/sim/ --use-relative-paths=true
Info: Generating the following file(s) for MODELSIM simulator in D:/repos/p520mx/trunk/firmware/function/bist/bist_top_me3/qsys/ip/av_esram/esram/sim/ directory:
Info: 	mentor/msim_setup.tcl
Info: Generating the following file(s) for RIVIERA simulator in D:/repos/p520mx/trunk/firmware/function/bist/bist_top_me3/qsys/ip/av_esram/esram/sim/ directory:
Info: 	aldec/rivierapro_setup.tcl
Info: For information on how to simulate your IP, see the explanatory comments in the simulator-specific subdirectories under D:/repos/p520mx/trunk/firmware/function/bist/bist_top_me3/qsys/ip/av_esram/esram/sim/.
Info: Regenerate these scripts whenever you make any change to any Quartus-generated IP in your project.
Info: Finished: Create Modelsim Project.
Info: 
Info: Starting: Create HDL design files for synthesis
Info: qsys-generate D:\repos\p520mx\trunk\firmware\function\bist\bist_top_me3\qsys\ip\av_esram\esram.ip --synthesis=VERILOG --output-directory=D:\repos\p520mx\trunk\firmware\function\bist\bist_top_me3\qsys\ip\av_esram\esram --family="Stratix 10" --part=1SM21CHU2F53E2VG
Info: esram.esram_0: Targeting device family: Stratix 10.
Info: esram.esram_0.iopll: Able to implement PLL with user settings
Info: Skipping generation of esram: files already generated.
Info: qsys-generate succeeded.
Info: Finished: Create HDL design files for synthesis
Info: Starting: Generate IP Core Documentation
Info: No documentation filesets were found for components in esram. No files generated.
Info: Finished: Generate IP Core Documentation
