Info: Generated by version: 20.3 build 158
Info: Starting: Create block symbol file (.bsf)
Info: qsys-generate /home/stratix10/Documents/Quartus_Projects/bist_top_me3_svn2527_basic_20_3/bist_top_me3_svn2527_basic_20_3_NW/qsys/ip/dr_interface/dr_mm_clock_crossing_bridge.ip --block-symbol-file --output-directory=/home/stratix10/Documents/Quartus_Projects/bist_top_me3_svn2527_basic_20_3/bist_top_me3_svn2527_basic_20_3_NW/qsys/ip/dr_interface/dr_mm_clock_crossing_bridge --family="Stratix 10" --part=1SM21CHU2F53E2VG
Warning: dr_mm_clock_crossing_bridge: Used altera_avalon_mm_clock_crossing_bridge 19.2.0 (instead of 19.1)
Info: qsys-generate succeeded.
Info: Finished: Create block symbol file (.bsf)
Info: 
Info: Starting: Create HDL design files for synthesis
Info: qsys-generate /home/stratix10/Documents/Quartus_Projects/bist_top_me3_svn2527_basic_20_3/bist_top_me3_svn2527_basic_20_3_NW/qsys/ip/dr_interface/dr_mm_clock_crossing_bridge.ip --synthesis=VERILOG --output-directory=/home/stratix10/Documents/Quartus_Projects/bist_top_me3_svn2527_basic_20_3/bist_top_me3_svn2527_basic_20_3_NW/qsys/ip/dr_interface/dr_mm_clock_crossing_bridge --family="Stratix 10" --part=1SM21CHU2F53E2VG
Warning: dr_mm_clock_crossing_bridge: Used altera_avalon_mm_clock_crossing_bridge 19.2.0 (instead of 19.1)
Info: dr_mm_clock_crossing_bridge: "Transforming system: dr_mm_clock_crossing_bridge"
Info: dr_mm_clock_crossing_bridge: "Naming system components in system: dr_mm_clock_crossing_bridge"
Info: dr_mm_clock_crossing_bridge: "Processing generation queue"
Info: dr_mm_clock_crossing_bridge: "Generating: dr_mm_clock_crossing_bridge"
Info: dr_mm_clock_crossing_bridge: "Generating: dr_mm_clock_crossing_bridge_altera_avalon_mm_clock_crossing_bridge_1920_fdcxukq"
Info: my_altera_avalon_dc_fifo_cmd_fifo: "Generating: my_altera_avalon_dc_fifo_cmd_fifo"
Info: my_altera_avalon_dc_fifo_rsp_fifo: "Generating: my_altera_avalon_dc_fifo_rsp_fifo"
Info: dr_mm_clock_crossing_bridge: "Generating: dr_mm_clock_crossing_bridge_altera_avalon_mm_clock_crossing_bridge_altera_avalon_dc_fifo_1920_2h5kwci"
Info: dr_mm_clock_crossing_bridge: "Generating: dr_mm_clock_crossing_bridge_altera_avalon_mm_clock_crossing_bridge_altera_avalon_dc_fifo_1920_oi5d4sq"
Info: dr_mm_clock_crossing_bridge: "Generating: dr_mm_clock_crossing_bridge_altera_avalon_dc_fifo_1940_j7a573y"
Info: dr_mm_clock_crossing_bridge: Done "dr_mm_clock_crossing_bridge" with 5 modules, 8 files
Info: qsys-generate succeeded.
Info: Finished: Create HDL design files for synthesis
Info: Starting: Generate IP Core Documentation
Info: No documentation filesets were found for components in dr_mm_clock_crossing_bridge. No files generated.
Info: Finished: Generate IP Core Documentation
