Info: Generated by version: 19.4 build 64
Info: Starting: Create block symbol file (.bsf)
Info: qsys-generate /usr/share/bittware/520nmx/cots/firmware/bist_top_me3_svn2527_basic/ip/s10_temperature.ip --block-symbol-file --output-directory=/usr/share/bittware/520nmx/cots/firmware/bist_top_me3_svn2527_basic/ip/s10_temperature --family="Stratix 10" --part=1SM21CHU2F53E2VG
Info: s10_temperature.s10_temperature_sensor_0.programable_mailbox_client_inst: this_cmd_info: 00010000000000000001000000011001 0
Info: s10_temperature.s10_temperature_sensor_0.programable_mailbox_client_inst: this_cmd_length: 1
Info: s10_temperature.s10_temperature_sensor_0.programable_mailbox_client_inst: this_cmd_detail: 00010000000000000001000000011001 0
Info: s10_temperature.s10_temperature_sensor_0.programable_mailbox_client_inst: num_command: 1
Info: s10_temperature.s10_temperature_sensor_0.programable_mailbox_client_inst: edited_cmd_info: 32'b00010000000000000001000000011001 32'h00000000
Info: s10_temperature.s10_temperature_sensor_0.programable_mailbox_client_inst: edited_cmd_info: 2
Info: s10_temperature.s10_temperature_sensor_0.programable_mailbox_client_inst: cmd_info: 00010000000000000001000000011001 0
Info: s10_temperature.s10_temperature_sensor_0.programable_mailbox_client_inst: length_info: 1
Info: s10_temperature.s10_temperature_sensor_0.programable_mailbox_client_inst: enable_list: 1
Info: s10_temperature.s10_temperature_sensor_0.programable_mailbox_client_inst: cmd_arg_0: 0
Info: qsys-generate succeeded.
Info: Finished: Create block symbol file (.bsf)
Info: 
Info: Starting: Create HDL design files for synthesis
Info: qsys-generate /usr/share/bittware/520nmx/cots/firmware/bist_top_me3_svn2527_basic/ip/s10_temperature.ip --synthesis=VERILOG --output-directory=/usr/share/bittware/520nmx/cots/firmware/bist_top_me3_svn2527_basic/ip/s10_temperature --family="Stratix 10" --part=1SM21CHU2F53E2VG
Info: s10_temperature.s10_temperature_sensor_0.programable_mailbox_client_inst: this_cmd_info: 00010000000000000001000000011001 0
Info: s10_temperature.s10_temperature_sensor_0.programable_mailbox_client_inst: this_cmd_length: 1
Info: s10_temperature.s10_temperature_sensor_0.programable_mailbox_client_inst: this_cmd_detail: 00010000000000000001000000011001 0
Info: s10_temperature.s10_temperature_sensor_0.programable_mailbox_client_inst: num_command: 1
Info: s10_temperature.s10_temperature_sensor_0.programable_mailbox_client_inst: edited_cmd_info: 32'b00010000000000000001000000011001 32'h00000000
Info: s10_temperature.s10_temperature_sensor_0.programable_mailbox_client_inst: edited_cmd_info: 2
Info: s10_temperature.s10_temperature_sensor_0.programable_mailbox_client_inst: cmd_info: 00010000000000000001000000011001 0
Info: s10_temperature.s10_temperature_sensor_0.programable_mailbox_client_inst: length_info: 1
Info: s10_temperature.s10_temperature_sensor_0.programable_mailbox_client_inst: enable_list: 1
Info: s10_temperature.s10_temperature_sensor_0.programable_mailbox_client_inst: cmd_arg_0: 0
Info: s10_temperature: "Transforming system: s10_temperature"
Info: s10_temperature: "Naming system components in system: s10_temperature"
Info: s10_temperature: "Processing generation queue"
Info: s10_temperature: "Generating: s10_temperature"
Info: s10_temperature: "Generating: s10_temperature_altera_s10_temperature_sensor_1911_rytjqla"
Info: s10_temperature: "Generating: s10_temperature_altera_s10_mailbox_pro_client_lite_191_i62yemi"
Info: config_stream_ep: "Generating: config_stream_ep"
Info: s10_temperature: "Generating: config_stream_ep"
Info: s10_temperature: "Generating: altera_config_stream_endpoint_wrapper"
Info: s10_temperature: Done "s10_temperature" with 5 modules, 5 files
Info: qsys-generate succeeded.
Info: Finished: Create HDL design files for synthesis
