Info: Generated by version: 20.3 build 158
Info: Starting: Create block symbol file (.bsf)
Info: qsys-generate /home/stratix10/Documents/deep_south_interface/Minimum_BIST/qsys/system_manager.qsys --block-symbol-file --output-directory=/home/stratix10/Documents/deep_south_interface/Minimum_BIST/qsys/system_manager --family="Stratix 10" --part=1SM21CHU2F53E2VG
Progress: Loading qsys/system_manager.qsys
Progress: Reading input file
Progress: Adding config_clk_src [altera_generic_component 1.0]
Progress: Parameterizing module config_clk_src
Progress: Adding flash_mem_buf [altera_generic_component 1.0]
Progress: Parameterizing module flash_mem_buf
Progress: Adding iopll_0 [altera_generic_component 1.0]
Progress: Parameterizing module iopll_0
Progress: Adding reg_bridge_0 [altera_generic_component 1.0]
Progress: Parameterizing module reg_bridge_0
Progress: Adding reg_bridge_1 [altera_generic_component 1.0]
Progress: Parameterizing module reg_bridge_1
Progress: Adding system_manager_if [altera_generic_component 1.0]
Progress: Parameterizing module system_manager_if
Progress: Adding user_clk_src [altera_generic_component 1.0]
Progress: Parameterizing module user_clk_src
Progress: Building connections
Progress: Parameterizing connections
Progress: Validating
Progress: Done reading input file
Info: qsys-generate succeeded.
Info: Finished: Create block symbol file (.bsf)
Info: 
Info: Starting: Create HDL design files for synthesis
Info: qsys-generate /home/stratix10/Documents/deep_south_interface/Minimum_BIST/qsys/system_manager.qsys --synthesis=VERILOG --output-directory=/home/stratix10/Documents/deep_south_interface/Minimum_BIST/qsys/system_manager --family="Stratix 10" --part=1SM21CHU2F53E2VG
Progress: Loading qsys/system_manager.qsys
Progress: Reading input file
Progress: Adding config_clk_src [altera_generic_component 1.0]
Progress: Parameterizing module config_clk_src
Progress: Adding flash_mem_buf [altera_generic_component 1.0]
Progress: Parameterizing module flash_mem_buf
Progress: Adding iopll_0 [altera_generic_component 1.0]
Progress: Parameterizing module iopll_0
Progress: Adding reg_bridge_0 [altera_generic_component 1.0]
Progress: Parameterizing module reg_bridge_0
Progress: Adding reg_bridge_1 [altera_generic_component 1.0]
Progress: Parameterizing module reg_bridge_1
Progress: Adding system_manager_if [altera_generic_component 1.0]
Progress: Parameterizing module system_manager_if
Progress: Adding user_clk_src [altera_generic_component 1.0]
Progress: Parameterizing module user_clk_src
Progress: Building connections
Progress: Parameterizing connections
Progress: Validating
Progress: Done reading input file
Info: system_manager: "Transforming system: system_manager"
Info: Interconnect is inserted between master reg_bridge_0.m0 and slave reg_bridge_1.s0 because they have different clock source.
Info: Inserting clock-crossing logic between cmd_demux.src0 and cmd_mux.sink0
Info: Inserting clock-crossing logic between rsp_demux.src0 and rsp_mux.sink0
Info: Interconnect is inserted between master system_manager_if.mem_if and slave flash_mem_buf.s2 because the master has read signal 1 bit wide, but the slave is 0 bit wide.
Info: Interconnect is inserted between master system_manager_if.mem_if and slave flash_mem_buf.s2 because the master has waitrequest signal 1 bit wide, but the slave is 0 bit wide.
Info: system_manager: "Naming system components in system: system_manager"
Info: system_manager: "Processing generation queue"
Info: system_manager: "Generating: system_manager"
Info: system_manager: "Generating: system_manager_clk_0"
Info: system_manager: "Generating: system_manager_flash_memory_buffer"
Info: system_manager: "Generating: system_manager_iopll_0"
Info: system_manager: "Generating: system_manager_reg_bridge0"
Info: system_manager: "Generating: system_manager_mm_bridge_0"
Info: system_manager: "Generating: system_manager_if"
Info: system_manager: "Generating: system_manager_clk_2"
Info: system_manager: "Generating: system_manager_altera_mm_interconnect_1920_i337hli"
Info: system_manager: "Generating: system_manager_altera_mm_interconnect_1920_i4rvbyi"
Info: system_manager: "Generating: system_manager_altera_mm_interconnect_1920_xgmfhwi"
Info: system_manager: "Generating: altera_reset_controller"
Info: system_manager: "Generating: system_manager_altera_merlin_master_translator_191_g7h47bq"
Info: system_manager: "Generating: system_manager_altera_merlin_slave_translator_191_x56fcki"
Info: system_manager: "Generating: system_manager_altera_merlin_master_agent_191_mpbm6tq"
Info: system_manager: "Generating: system_manager_altera_merlin_slave_agent_191_ncfkfri"
Info: system_manager: "Generating: system_manager_altera_avalon_sc_fifo_1930_pqv24kq"
Info: system_manager: "Generating: system_manager_altera_merlin_router_1920_wbi72tq"
Info: system_manager: "Generating: system_manager_altera_merlin_router_1920_pzb44ai"
Info: system_manager: "Generating: system_manager_altera_merlin_router_1920_tytlzpy"
Info: system_manager: "Generating: system_manager_altera_merlin_traffic_limiter_191_kcba44q"
Info: my_altera_avalon_sc_fifo_dest_id_fifo: "Generating: my_altera_avalon_sc_fifo_dest_id_fifo"
Info: system_manager: "Generating: system_manager_altera_merlin_burst_adapter_1920_qvrez6y"
Info: my_altera_avalon_st_pipeline_stage: "Generating: my_altera_avalon_st_pipeline_stage"
Info: system_manager: "Generating: system_manager_altera_merlin_demultiplexer_1920_3ur3kxy"
Info: system_manager: "Generating: system_manager_altera_merlin_multiplexer_1920_divg5wi"
Info: system_manager: "Generating: system_manager_altera_merlin_demultiplexer_1920_zw3u2pq"
Info: system_manager: "Generating: system_manager_altera_merlin_multiplexer_1920_ql7cuwa"
Info: system_manager: "Generating: system_manager_altera_merlin_width_adapter_1920_hfsqngi"
Info: system_manager: "Generating: system_manager_altera_merlin_width_adapter_1920_sxekzea"
Info: system_manager: "Generating: system_manager_altera_merlin_router_1920_fuloz2i"
Info: system_manager: "Generating: system_manager_altera_merlin_router_1920_2mzqowa"
Info: system_manager: "Generating: system_manager_altera_merlin_demultiplexer_1920_pccq2pi"
Info: system_manager: "Generating: system_manager_altera_merlin_multiplexer_1920_nmsatra"
Info: system_manager: "Generating: system_manager_altera_merlin_multiplexer_1920_e6xwmhi"
Info: system_manager: "Generating: system_manager_altera_avalon_st_handshake_clock_crosser_1930_gmcwwjq"
Info: system_manager: "Generating: system_manager_altera_merlin_traffic_limiter_altera_avalon_sc_fifo_191_mg7ilfq"
Info: system_manager: "Generating: system_manager_altera_merlin_burst_adapter_altera_avalon_st_pipeline_stage_1920_7ija6ea"
Info: system_manager: "Generating: system_manager_altera_avalon_st_pipeline_stage_1920_zterisq"
Info: system_manager: Done "system_manager" with 37 modules, 55 files
Info: qsys-generate succeeded.
Info: Finished: Create HDL design files for synthesis
Info: Starting: Generate IP Core Documentation
Info: No documentation filesets were found for components in system_manager. No files generated.
Info: Finished: Generate IP Core Documentation
