Info: Generated by version: 19.1 build 240
Info: Starting: Create block symbol file (.bsf)
Info: qsys-generate D:\repos\p520mx\trunk\firmware\function\bist\bist_top_me3\qsys\ip\av_esram\esram.ip --block-symbol-file --output-directory=D:\repos\p520mx\trunk\firmware\function\bist\bist_top_me3\qsys\ip\av_esram\esram --family="Stratix 10" --part=1SM21CHU2F53E2VG
Info: esram.esram_0: Targeting device family: Stratix 10.
Info: esram.esram_0.iopll: Able to implement PLL with user settings
Info: qsys-generate succeeded.
Info: Finished: Create block symbol file (.bsf)
Info: 
Info: Starting: Create HDL design files for synthesis
Info: qsys-generate D:\repos\p520mx\trunk\firmware\function\bist\bist_top_me3\qsys\ip\av_esram\esram.ip --synthesis=VERILOG --output-directory=D:\repos\p520mx\trunk\firmware\function\bist\bist_top_me3\qsys\ip\av_esram\esram --family="Stratix 10" --part=1SM21CHU2F53E2VG
Info: esram.esram_0: Targeting device family: Stratix 10.
Info: esram.esram_0.iopll: Able to implement PLL with user settings
Info: esram_0.iopll: Able to implement PLL with user settings
Info: esram: "Transforming system: esram"
Info: esram: "Naming system components in system: esram"
Info: esram: "Processing generation queue"
Info: esram: "Generating: esram"
Info: esram: "Generating: esram_esram_191_bykom6q"
Info: iopll: "Generating: iopll"
Info: esram: "Generating: iopll"
Info: esram: "Generating: esram_altera_iopll_191_sjjhuna"
Info: esram: Done "esram" with 4 modules, 10 files
Info: qsys-generate succeeded.
Info: Finished: Create HDL design files for synthesis
