Info: Generated by version: 20.3 build 158
Info: Starting: Create block symbol file (.bsf)
Info: qsys-generate /home/stratix10/Documents/deep_south_interface/Minimum_BIST/qsys/ip/system_manager/system_manager_if.ip --block-symbol-file --output-directory=/home/stratix10/Documents/deep_south_interface/Minimum_BIST/qsys/ip/system_manager/system_manager_if --family="Stratix 10" --part=1SM21CHU2F53E2VG
Warning: system_manager_if: Component type sys_manager_if is not in the library
Error: system_manager_if.system_manager_if: Component sys_manager_if 1.0 not found or could not be instantiated
Warning: system_manager_if.interface_requirements: Your system is missing the required interface "clk". Either export the interface, or edit your definitions in the Interface Requirements tab."
Warning: system_manager_if.interface_requirements: Your system is missing the required interface "rst". Either export the interface, or edit your definitions in the Interface Requirements tab."
Warning: system_manager_if.interface_requirements: Your system is missing the required interface "pll_clk". Either export the interface, or edit your definitions in the Interface Requirements tab."
Warning: system_manager_if.interface_requirements: Your system is missing the required interface "conf_d". Either export the interface, or edit your definitions in the Interface Requirements tab."
Warning: system_manager_if.interface_requirements: Your system is missing the required interface "soft_reconfigure_req_n". Either export the interface, or edit your definitions in the Interface Requirements tab."
Warning: system_manager_if.interface_requirements: Your system is missing the required interface "mem_if". Either export the interface, or edit your definitions in the Interface Requirements tab."
Warning: system_manager_if.interface_requirements: Your system is missing the required interface "reg_if". Either export the interface, or edit your definitions in the Interface Requirements tab."
Warning: system_manager_if.interface_requirements: Your system is missing the required interface "conf_c_out". Either export the interface, or edit your definitions in the Interface Requirements tab."
Warning: system_manager_if.interface_requirements: Your system is missing the required interface "conf_c_in". Either export the interface, or edit your definitions in the Interface Requirements tab."
Error: qsys-generate failed with exit code 3: 1 Error, 10 Warnings
Info: Finished: Create block symbol file (.bsf)
Info: 
Info: Starting: Create HDL design files for synthesis
Info: qsys-generate /home/stratix10/Documents/deep_south_interface/Minimum_BIST/qsys/ip/system_manager/system_manager_if.ip --synthesis=VERILOG --output-directory=/home/stratix10/Documents/deep_south_interface/Minimum_BIST/qsys/ip/system_manager/system_manager_if --family="Stratix 10" --part=1SM21CHU2F53E2VG
Warning: system_manager_if: Component type sys_manager_if is not in the library
Error: system_manager_if.system_manager_if: Component sys_manager_if 1.0 not found or could not be instantiated
Warning: system_manager_if.interface_requirements: Your system is missing the required interface "clk". Either export the interface, or edit your definitions in the Interface Requirements tab."
Warning: system_manager_if.interface_requirements: Your system is missing the required interface "rst". Either export the interface, or edit your definitions in the Interface Requirements tab."
Warning: system_manager_if.interface_requirements: Your system is missing the required interface "pll_clk". Either export the interface, or edit your definitions in the Interface Requirements tab."
Warning: system_manager_if.interface_requirements: Your system is missing the required interface "conf_d". Either export the interface, or edit your definitions in the Interface Requirements tab."
Warning: system_manager_if.interface_requirements: Your system is missing the required interface "soft_reconfigure_req_n". Either export the interface, or edit your definitions in the Interface Requirements tab."
Warning: system_manager_if.interface_requirements: Your system is missing the required interface "mem_if". Either export the interface, or edit your definitions in the Interface Requirements tab."
Warning: system_manager_if.interface_requirements: Your system is missing the required interface "reg_if". Either export the interface, or edit your definitions in the Interface Requirements tab."
Warning: system_manager_if.interface_requirements: Your system is missing the required interface "conf_c_out". Either export the interface, or edit your definitions in the Interface Requirements tab."
Warning: system_manager_if.interface_requirements: Your system is missing the required interface "conf_c_in". Either export the interface, or edit your definitions in the Interface Requirements tab."
Error: qsys-generate failed with exit code 3: 1 Error, 10 Warnings
Info: Finished: Create HDL design files for synthesis
Info: Starting: Generate IP Core Documentation
Info: No documentation filesets were found for components in system_manager_if. No files generated.
Info: Finished: Generate IP Core Documentation
