Info: Generated by version: 20.3 build 158
Info: Starting: Create block symbol file (.bsf)
Info: qsys-generate /home/stratix10/Documents/Quartus_Projects/bist_top_me3_svn2527_basic_20_3/bist_top_me3_svn2527_basic_20_3_NW/qsys/ip/av_esram/esram_7.ip --block-symbol-file --output-directory=/home/stratix10/Documents/Quartus_Projects/bist_top_me3_svn2527_basic_20_3/bist_top_me3_svn2527_basic_20_3_NW/qsys/ip/av_esram/esram_7 --family="Stratix 10" --part=1SM21CHU2F53E2VG
Info: esram_7.esram_0: Targeting device family: Stratix 10.
Info: esram_7.esram_0.iopll: Able to implement PLL with user settings
Info: qsys-generate succeeded.
Info: Finished: Create block symbol file (.bsf)
Info: 
Info: Starting: Create HDL design files for synthesis
Info: qsys-generate /home/stratix10/Documents/Quartus_Projects/bist_top_me3_svn2527_basic_20_3/bist_top_me3_svn2527_basic_20_3_NW/qsys/ip/av_esram/esram_7.ip --synthesis=VERILOG --output-directory=/home/stratix10/Documents/Quartus_Projects/bist_top_me3_svn2527_basic_20_3/bist_top_me3_svn2527_basic_20_3_NW/qsys/ip/av_esram/esram_7 --family="Stratix 10" --part=1SM21CHU2F53E2VG
Info: esram_7.esram_0: Targeting device family: Stratix 10.
Info: esram_7.esram_0.iopll: Able to implement PLL with user settings
Info: esram_0.iopll: Able to implement PLL with user settings
Info: esram_7: "Transforming system: esram_7"
Info: esram_7: "Naming system components in system: esram_7"
Info: esram_7: "Processing generation queue"
Info: esram_7: "Generating: esram_7"
Info: esram_7: "Generating: esram_7_esram_1915_m2z7ffi"
Info: iopll: "Generating: iopll"
Info: esram_7: "Generating: esram_7_esram_altera_iopll_1915_nrertia"
Info: esram_7: "Generating: esram_7_altera_iopll_1931_dz7spca"
Info: esram_7: Done "esram_7" with 4 modules, 11 files
Info: qsys-generate succeeded.
Info: Finished: Create HDL design files for synthesis
Info: Starting: Generate IP Core Documentation
Info: No documentation filesets were found for components in esram_7. No files generated.
Info: Finished: Generate IP Core Documentation
