Info: Generated by version: 20.3 build 158
Info: Starting: Create block symbol file (.bsf)
Info: qsys-generate /home/stratix10/Documents/Quartus_Projects/bist_top_me3_svn2527_basic_20_3/bist_top_me3_svn2527_basic_20_3_NW/ip/pll_cooker.ip --block-symbol-file --output-directory=/home/stratix10/Documents/Quartus_Projects/bist_top_me3_svn2527_basic_20_3/bist_top_me3_svn2527_basic_20_3_NW/ip/pll_cooker --family="Stratix 10" --part=1SM21CHU2F53E2VG
Info: pll_cooker.iopll_0: Able to implement PLL with user settings
Info: qsys-generate succeeded.
Info: Finished: Create block symbol file (.bsf)
Info: 
Info: Starting: Create HDL design files for synthesis
Info: qsys-generate /home/stratix10/Documents/Quartus_Projects/bist_top_me3_svn2527_basic_20_3/bist_top_me3_svn2527_basic_20_3_NW/ip/pll_cooker.ip --synthesis=VERILOG --output-directory=/home/stratix10/Documents/Quartus_Projects/bist_top_me3_svn2527_basic_20_3/bist_top_me3_svn2527_basic_20_3_NW/ip/pll_cooker --family="Stratix 10" --part=1SM21CHU2F53E2VG
Info: pll_cooker.iopll_0: Able to implement PLL with user settings
Info: pll_cooker: "Transforming system: pll_cooker"
Info: pll_cooker: "Naming system components in system: pll_cooker"
Info: pll_cooker: "Processing generation queue"
Info: pll_cooker: "Generating: pll_cooker"
Info: pll_cooker: "Generating: pll_cooker_altera_iopll_1931_mkkk53q"
Info: pll_cooker: Done "pll_cooker" with 2 modules, 7 files
Info: qsys-generate succeeded.
Info: Finished: Create HDL design files for synthesis
Info: Starting: Generate IP Core Documentation
Info: No documentation filesets were found for components in pll_cooker. No files generated.
Info: Finished: Generate IP Core Documentation
